
> temp_app@0.1.0 build
> next build

   Γû▓ Next.js 16.0.7 (Turbopack)
   - Environments: .env.local

 ΓÜá The "middleware" file convention is deprecated. Please use "proxy" instead. Learn more: https://nextjs.org/docs/messages/middleware-to-proxy
   Creating an optimized production build ...
 Γ£ô Compiled successfully in 9.2s
   Running TypeScript ...
Failed to compile.

./app/(protected)/tenant/profile/page.tsx:41:64
Type error: Type 'string | undefined' is not assignable to type 'string | null'.
  Type 'undefined' is not assignable to type 'string | null'.

  39 |       </div>
  40 |
> 41 |       <TenantProfileForm fullName={profile?.full_name ?? null} email={user.email} />
     |                                                                ^
  42 |     </DashboardShell>
  43 |   )
  44 | }
Next.js build worker exited with code: 1 and signal: null
