
> temp_app@0.1.0 build
> next build

   Γû▓ Next.js 16.0.7 (Turbopack)
   - Environments: .env.local

 ΓÜá The "middleware" file convention is deprecated. Please use "proxy" instead. Learn more: https://nextjs.org/docs/messages/middleware-to-proxy
   Creating an optimized production build ...
 Γ£ô Compiled successfully in 5.5s
   Running TypeScript ...
Failed to compile.

./app/(protected)/owner/finance/page.tsx:49:52
Type error: This expression is not callable.
  Type '{}' has no call signatures.

  47 |     // Build simple monthly P&L (YYYY-MM)
  48 |     const incomeByMonth: Record<string, number> = {}
> 49 |     const expenseByMonth: Record<string, number> = {}
     |                                                    ^
  50 |
  51 |     (rawInvoices || []).forEach((invoice) => {
  52 |         if (invoice.status !== 'paid') return
Next.js build worker exited with code: 1 and signal: null
